<?xml version="1.0" encoding="UTF-8"?>
<testsuite xmlns:xsi="http://www.w3.org/2001/XMLSchema-instance" xsi:noNamespaceSchemaLocation="https://maven.apache.org/surefire/maven-surefire-plugin/xsd/surefire-test-report.xsd" name="TestSuite" time="30" tests="1" errors="0" skipped="0" failures="1">
  <properties>
[...]
</properties>
  <testcase name="feature" classname="runners.TestNGRunner" time="28.45">
    <failure message="java.lang.AssertionError:  did not expect to find [true] but found [false]" type="cucumber.runtime.CucumberException">cucumber.runtime.CucumberException: java.lang.AssertionError:  did not expect to find [true] but found [false]
	at runners.TestNGRunner.feature(TestNGRunner.java:48)
Caused by: java.lang.AssertionError:  did not expect to find [true] but found [false]
</failure>
    <system-out><![CDATA[Feature: Prodia Mobile

  @MyProfile
  Scenario: user can View profile                   &amp#27;[90m# MyProfile.feature:4&amp#27;[0m
    &amp#27;[31mGiven &amp#27;[0m&amp#27;[31muser on login dashboard&amp#27;[0m                   &amp#27;[90m# Signin_stepDef.userOnLoginDashboard()&amp#27;[0m
      &amp#27;[31mjava.lang.AssertionError:  did not expect to find [true] but found [false]
      	at org.testng.Assert.fail(Assert.java:97)
      	at org.testng.Assert.failNotEquals(Assert.java:969)
      	at org.testng.Assert.assertTrue(Assert.java:43)
      	at pages.SIgninpage.userOnLoginDashboard(SIgninpage.java:30)
      	at steps.Signin_stepDef.userOnLoginDashboard(Signin_stepDef.java:24)
      	at ✽.Given user on login dashboard(MyProfile.feature:5)
      &amp#27;[0m
    &amp#27;[36mWhen &amp#27;[0m&amp#27;[36muser tap Login button&amp#27;[0m                      &amp#27;[90m# Signin_stepDef.userTapLoginButton()&amp#27;[0m
    &amp#27;[36mAnd &amp#27;[0m&amp#27;[36muser input username "&amp#27;[0m&amp#27;[36m&amp#27;[1mferysadewaa@gmail.com&amp#27;[0m&amp#27;[36m"&amp#27;[0m &amp#27;[90m# Signin_stepDef.userInputUsername(String)&amp#27;[0m
    &amp#27;[36mAnd &amp#27;[0m&amp#27;[36muser input password "&amp#27;[0m&amp#27;[36m&amp#27;[1mFery1304&amp#27;[0m&amp#27;[36m"&amp#27;[0m              &amp#27;[90m# Signin_stepDef.userInputPassword(String)&amp#27;[0m
    &amp#27;[36mAnd &amp#27;[0m&amp#27;[36muser tap button&amp#27;[0m                             &amp#27;[90m# Signin_stepDef.userTapButton()&amp#27;[0m
    &amp#27;[36mAnd &amp#27;[0m&amp#27;[36muser on homepage dashboard&amp#27;[0m                  &amp#27;[90m# Signin_stepDef.userOnHomepageDashboard()&amp#27;[0m
    &amp#27;[36mAnd &amp#27;[0m&amp#27;[36muser tap icon profile&amp#27;[0m                       &amp#27;[90m# MyProfile_stepDef.userTapIconProfile()&amp#27;[0m
    &amp#27;[36mAnd &amp#27;[0m&amp#27;[36muser on page Account&amp#27;[0m                        &amp#27;[90m# MyProfile_stepDef.userOnPageAccount()&amp#27;[0m
    &amp#27;[36mAnd &amp#27;[0m&amp#27;[36muser tap profile&amp#27;[0m                            &amp#27;[90m# MyProfile_stepDef.userTapProfile()&amp#27;[0m
    &amp#27;[36mThen &amp#27;[0m&amp#27;[36muser on page Profile&amp#27;[0m                       &amp#27;[90m# MyProfile_stepDef.userOnPageProfile()&amp#27;[0m

  @MyProfile
  Scenario: user can change photo profile, edit addres and delete addres &amp#27;[90m# MyProfile.feature:17&amp#27;[0m
    &amp#27;[31mGiven &amp#27;[0m&amp#27;[31muser on login dashboard&amp#27;[0m                                        &amp#27;[90m# Signin_stepDef.userOnLoginDashboard()&amp#27;[0m
      &amp#27;[31mjava.lang.AssertionError:  did not expect to find [true] but found [false]
      	at org.testng.Assert.fail(Assert.java:97)
      	at org.testng.Assert.failNotEquals(Assert.java:969)
      	at org.testng.Assert.assertTrue(Assert.java:43)
      	at pages.SIgninpage.userOnLoginDashboard(SIgninpage.java:30)
      	at steps.Signin_stepDef.userOnLoginDashboard(Signin_stepDef.java:24)
      	at ✽.Given user on login dashboard(MyProfile.feature:18)
      &amp#27;[0m
    &amp#27;[36mWhen &amp#27;[0m&amp#27;[36muser tap Login button&amp#27;[0m                                           &amp#27;[90m# Signin_stepDef.userTapLoginButton()&amp#27;[0m
    &amp#27;[36mAnd &amp#27;[0m&amp#27;[36muser input username "&amp#27;[0m&amp#27;[36m&amp#27;[1mferysadewaa@gmail.com&amp#27;[0m&amp#27;[36m"&amp#27;[0m                      &amp#27;[90m# Signin_stepDef.userInputUsername(String)&amp#27;[0m
    &amp#27;[36mAnd &amp#27;[0m&amp#27;[36muser input password "&amp#27;[0m&amp#27;[36m&amp#27;[1mFery1304&amp#27;[0m&amp#27;[36m"&amp#27;[0m                                   &amp#27;[90m# Signin_stepDef.userInputPassword(String)&amp#27;[0m
    &amp#27;[36mAnd &amp#27;[0m&amp#27;[36muser tap button&amp#27;[0m                                                  &amp#27;[90m# Signin_stepDef.userTapButton()&amp#27;[0m
    &amp#27;[36mAnd &amp#27;[0m&amp#27;[36muser on homepage dashboard&amp#27;[0m                                       &amp#27;[90m# Signin_stepDef.userOnHomepageDashboard()&amp#27;[0m
    &amp#27;[36mAnd &amp#27;[0m&amp#27;[36muser tap icon profile&amp#27;[0m                                            &amp#27;[90m# MyProfile_stepDef.userTapIconProfile()&amp#27;[0m
    &amp#27;[36mAnd &amp#27;[0m&amp#27;[36muser on page Account&amp#27;[0m                                             &amp#27;[90m# MyProfile_stepDef.userOnPageAccount()&amp#27;[0m
    &amp#27;[36mAnd &amp#27;[0m&amp#27;[36muser tap profile&amp#27;[0m                                                 &amp#27;[90m# MyProfile_stepDef.userTapProfile()&amp#27;[0m
    &amp#27;[36mAnd &amp#27;[0m&amp#27;[36muser on page Profile&amp#27;[0m                                             &amp#27;[90m# MyProfile_stepDef.userOnPageProfile()&amp#27;[0m
    &amp#27;[36mAnd &amp#27;[0m&amp#27;[36muser tap symbol cam on icon profile&amp#27;[0m                              &amp#27;[90m# MyProfile_stepDef.userTapSymbolCamOnIconProfile()&amp#27;[0m
    &amp#27;[36mAnd &amp#27;[0m&amp#27;[36muser tap take photo&amp#27;[0m                                              &amp#27;[90m# MyProfile_stepDef.userTapTakePhoto()&amp#27;[0m
    &amp#27;[36mAnd &amp#27;[0m&amp#27;[36muser tap button take photo&amp#27;[0m                                       &amp#27;[90m# MyProfile_stepDef.userTapButtonTakePhoto()&amp#27;[0m
    &amp#27;[36mAnd &amp#27;[0m&amp#27;[36muser tap ok&amp#27;[0m                                                      &amp#27;[90m# MyProfile_stepDef.userTapOk()&amp#27;[0m
    &amp#27;[36mThen &amp#27;[0m&amp#27;[36muser on page Profile&amp#27;[0m                                            &amp#27;[90m# MyProfile_stepDef.userOnPageProfile()&amp#27;[0m

  @MyProfile
  Scenario: user can add address, edit addres and delete addres                    &amp#27;[90m# MyProfile.feature:35&amp#27;[0m
    &amp#27;[31mGiven &amp#27;[0m&amp#27;[31muser on login dashboard&amp#27;[0m                                                  &amp#27;[90m# Signin_stepDef.userOnLoginDashboard()&amp#27;[0m
      &amp#27;[31mjava.lang.AssertionError:  did not expect to find [true] but found [false]
      	at org.testng.Assert.fail(Assert.java:97)
      	at org.testng.Assert.failNotEquals(Assert.java:969)
      	at org.testng.Assert.assertTrue(Assert.java:43)
      	at pages.SIgninpage.userOnLoginDashboard(SIgninpage.java:30)
      	at steps.Signin_stepDef.userOnLoginDashboard(Signin_stepDef.java:24)
      	at ✽.Given user on login dashboard(MyProfile.feature:36)
      &amp#27;[0m
    &amp#27;[36mWhen &amp#27;[0m&amp#27;[36muser tap Login button&amp#27;[0m                                                     &amp#27;[90m# Signin_stepDef.userTapLoginButton()&amp#27;[0m
    &amp#27;[36mAnd &amp#27;[0m&amp#27;[36muser input username "&amp#27;[0m&amp#27;[36m&amp#27;[1mferysadewaa@gmail.com&amp#27;[0m&amp#27;[36m"&amp#27;[0m                                &amp#27;[90m# Signin_stepDef.userInputUsername(String)&amp#27;[0m
    &amp#27;[36mAnd &amp#27;[0m&amp#27;[36muser input password "&amp#27;[0m&amp#27;[36m&amp#27;[1mFery1304&amp#27;[0m&amp#27;[36m"&amp#27;[0m                                             &amp#27;[90m# Signin_stepDef.userInputPassword(String)&amp#27;[0m
    &amp#27;[36mAnd &amp#27;[0m&amp#27;[36muser tap button&amp#27;[0m                                                            &amp#27;[90m# Signin_stepDef.userTapButton()&amp#27;[0m
    &amp#27;[36mAnd &amp#27;[0m&amp#27;[36muser on homepage dashboard&amp#27;[0m                                                 &amp#27;[90m# Signin_stepDef.userOnHomepageDashboard()&amp#27;[0m
    &amp#27;[36mAnd &amp#27;[0m&amp#27;[36muser tap icon profile&amp#27;[0m                                                      &amp#27;[90m# MyProfile_stepDef.userTapIconProfile()&amp#27;[0m
    &amp#27;[36mAnd &amp#27;[0m&amp#27;[36muser on page Account&amp#27;[0m                                                       &amp#27;[90m# MyProfile_stepDef.userOnPageAccount()&amp#27;[0m
    &amp#27;[33mAnd &amp#27;[0m&amp#27;[33muser tap Address List&amp#27;[0m
    &amp#27;[33mAnd &amp#27;[0m&amp#27;[33muser on page My Address&amp#27;[0m
    &amp#27;[33mAnd &amp#27;[0m&amp#27;[33muser tap add Address&amp#27;[0m
    &amp#27;[33mAnd &amp#27;[0m&amp#27;[33muser tap search address and input "jalan kober gang mawar no 2 purwokerto"&amp#27;[0m
    &amp#27;[33mAnd &amp#27;[0m&amp#27;[33muser tap address selected from list&amp#27;[0m
    &amp#27;[33mAnd &amp#27;[0m&amp#27;[33muser tap save button on page address&amp#27;[0m
    &amp#27;[33mAnd &amp#27;[0m&amp#27;[33muser on page add address&amp#27;[0m
    &amp#27;[33mAnd &amp#27;[0m&amp#27;[33muser input address name "My Home At Purwokerto"&amp#27;[0m
    &amp#27;[33mAnd &amp#27;[0m&amp#27;[33muser input additional Notes "Not add Notes"&amp#27;[0m
    &amp#27;[33mAnd &amp#27;[0m&amp#27;[33muser click add Address Button&amp#27;[0m
    &amp#27;[33mThen &amp#27;[0m&amp#27;[33muser on page My Address&amp#27;[0m

  @MyProfile
  Scenario: user can edit addres and delete addres         &amp#27;[90m# MyProfile.feature:57&amp#27;[0m
    &amp#27;[31mGiven &amp#27;[0m&amp#27;[31muser on login dashboard&amp#27;[0m                          &amp#27;[90m# Signin_stepDef.userOnLoginDashboard()&amp#27;[0m
      &amp#27;[31mjava.lang.AssertionError:  did not expect to find [true] but found [false]
      	at org.testng.Assert.fail(Assert.java:97)
      	at org.testng.Assert.failNotEquals(Assert.java:969)
      	at org.testng.Assert.assertTrue(Assert.java:43)
      	at pages.SIgninpage.userOnLoginDashboard(SIgninpage.java:30)
      	at steps.Signin_stepDef.userOnLoginDashboard(Signin_stepDef.java:24)
      	at ✽.Given user on login dashboard(MyProfile.feature:58)
      &amp#27;[0m
    &amp#27;[36mWhen &amp#27;[0m&amp#27;[36muser tap Login button&amp#27;[0m                             &amp#27;[90m# Signin_stepDef.userTapLoginButton()&amp#27;[0m
    &amp#27;[36mAnd &amp#27;[0m&amp#27;[36muser input username "&amp#27;[0m&amp#27;[36m&amp#27;[1mferysadewaa@gmail.com&amp#27;[0m&amp#27;[36m"&amp#27;[0m        &amp#27;[90m# Signin_stepDef.userInputUsername(String)&amp#27;[0m
    &amp#27;[36mAnd &amp#27;[0m&amp#27;[36muser input password "&amp#27;[0m&amp#27;[36m&amp#27;[1mFery1304&amp#27;[0m&amp#27;[36m"&amp#27;[0m                     &amp#27;[90m# Signin_stepDef.userInputPassword(String)&amp#27;[0m
    &amp#27;[36mAnd &amp#27;[0m&amp#27;[36muser tap button&amp#27;[0m                                    &amp#27;[90m# Signin_stepDef.userTapButton()&amp#27;[0m
    &amp#27;[36mAnd &amp#27;[0m&amp#27;[36muser on homepage dashboard&amp#27;[0m                         &amp#27;[90m# Signin_stepDef.userOnHomepageDashboard()&amp#27;[0m
    &amp#27;[36mAnd &amp#27;[0m&amp#27;[36muser tap icon profile&amp#27;[0m                              &amp#27;[90m# MyProfile_stepDef.userTapIconProfile()&amp#27;[0m
    &amp#27;[36mAnd &amp#27;[0m&amp#27;[36muser on page Account&amp#27;[0m                               &amp#27;[90m# MyProfile_stepDef.userOnPageAccount()&amp#27;[0m
    &amp#27;[33mAnd &amp#27;[0m&amp#27;[33muser tap Address List&amp#27;[0m
    &amp#27;[33mAnd &amp#27;[0m&amp#27;[33muser on page My Address&amp#27;[0m
    &amp#27;[33mAnd &amp#27;[0m&amp#27;[33muser tap other option&amp#27;[0m
    &amp#27;[33mAnd &amp#27;[0m&amp#27;[33muser tap Edit Address&amp#27;[0m
    &amp#27;[33mAnd &amp#27;[0m&amp#27;[33muser on page edit address&amp#27;[0m
    &amp#27;[33mAnd &amp#27;[0m&amp#27;[33muser input address name "My Kost At Jakarta"&amp#27;[0m
    &amp#27;[33mAnd &amp#27;[0m&amp#27;[33muser tap address detail&amp#27;[0m
    &amp#27;[33mAnd &amp#27;[0m&amp#27;[33muser tap search address and input "Aufa Residence"&amp#27;[0m
    &amp#27;[33mAnd &amp#27;[0m&amp#27;[33muser tap address selected from list&amp#27;[0m
    &amp#27;[33mAnd &amp#27;[0m&amp#27;[33muser tap save button on page address&amp#27;[0m
    &amp#27;[33mAnd &amp#27;[0m&amp#27;[33muser input additional Notes "EDIT"&amp#27;[0m
    &amp#27;[33mAnd &amp#27;[0m&amp#27;[33muser save buton on edit address&amp#27;[0m
    &amp#27;[33mThen &amp#27;[0m&amp#27;[33muser on page My Address&amp#27;[0m

  @MyProfile
  Scenario: user can delete addres                  &amp#27;[90m# MyProfile.feature:82&amp#27;[0m
    &amp#27;[31mGiven &amp#27;[0m&amp#27;[31muser on login dashboard&amp#27;[0m                   &amp#27;[90m# Signin_stepDef.userOnLoginDashboard()&amp#27;[0m
      &amp#27;[31mjava.lang.AssertionError:  did not expect to find [true] but found [false]
      	at org.testng.Assert.fail(Assert.java:97)
      	at org.testng.Assert.failNotEquals(Assert.java:969)
      	at org.testng.Assert.assertTrue(Assert.java:43)
      	at pages.SIgninpage.userOnLoginDashboard(SIgninpage.java:30)
      	at steps.Signin_stepDef.userOnLoginDashboard(Signin_stepDef.java:24)
      	at ✽.Given user on login dashboard(MyProfile.feature:83)
      &amp#27;[0m
    &amp#27;[36mWhen &amp#27;[0m&amp#27;[36muser tap Login button&amp#27;[0m                      &amp#27;[90m# Signin_stepDef.userTapLoginButton()&amp#27;[0m
    &amp#27;[36mAnd &amp#27;[0m&amp#27;[36muser input username "&amp#27;[0m&amp#27;[36m&amp#27;[1mferysadewaa@gmail.com&amp#27;[0m&amp#27;[36m"&amp#27;[0m &amp#27;[90m# Signin_stepDef.userInputUsername(String)&amp#27;[0m
    &amp#27;[36mAnd &amp#27;[0m&amp#27;[36muser input password "&amp#27;[0m&amp#27;[36m&amp#27;[1mFery1304&amp#27;[0m&amp#27;[36m"&amp#27;[0m              &amp#27;[90m# Signin_stepDef.userInputPassword(String)&amp#27;[0m
    &amp#27;[36mAnd &amp#27;[0m&amp#27;[36muser tap button&amp#27;[0m                             &amp#27;[90m# Signin_stepDef.userTapButton()&amp#27;[0m
    &amp#27;[36mAnd &amp#27;[0m&amp#27;[36muser on homepage dashboard&amp#27;[0m                  &amp#27;[90m# Signin_stepDef.userOnHomepageDashboard()&amp#27;[0m
    &amp#27;[36mAnd &amp#27;[0m&amp#27;[36muser tap icon profile&amp#27;[0m                       &amp#27;[90m# MyProfile_stepDef.userTapIconProfile()&amp#27;[0m
    &amp#27;[36mAnd &amp#27;[0m&amp#27;[36muser on page Account&amp#27;[0m                        &amp#27;[90m# MyProfile_stepDef.userOnPageAccount()&amp#27;[0m
    &amp#27;[33mAnd &amp#27;[0m&amp#27;[33muser tap Address List&amp#27;[0m
    &amp#27;[33mAnd &amp#27;[0m&amp#27;[33muser on page My Address&amp#27;[0m
    &amp#27;[33mAnd &amp#27;[0m&amp#27;[33muser tap other option&amp#27;[0m
    &amp#27;[33mAnd &amp#27;[0m&amp#27;[33muser tap Delete Address&amp#27;[0m
    &amp#27;[33mAnd &amp#27;[0m&amp#27;[33muser tap yes,delete address option&amp#27;[0m
    &amp#27;[33mAnd &amp#27;[0m&amp#27;[33muser on page My Address&amp#27;[0m
]]></system-out>
    <system-err><![CDATA[Apr 04, 2024 10:36:23 PM io.appium.java_client.remote.AppiumCommandExecutor$1 lambda$0
INFO: Detected dialect: W3C
org.openqa.selenium.WebDriverException: An unknown server-side error occurred while processing the command. Original error: Could not proxy command to the remote server. Original error: socket hang up
Build info: version: '3.141.59', revision: 'e82be7d358', time: '2018-11-14T08:17:03'
System info: host: 'Aleph-0LVDCs-MacBook-Pro.local', ip: '2001:448a:20a0:642e:88af:b7f6:f9b0:5952%en0', os.name: 'Mac OS X', os.arch: 'x86_64', os.version: '13.6.3', java.version: '1.8.0_402'
Driver info: io.appium.java_client.android.AndroidDriver
Capabilities {appActivity: com.prodia.mobileandroid.ui..., appPackage: com.prodiadigital.patient, automationName: UIAutomator2, databaseEnabled: false, desired: {appActivity: com.prodia.mobileandroid.ui..., appPackage: com.prodiadigital.patient, automationName: UIAutomator2, deviceName: RRCTB04RC3Z, noReset: true, platformName: android, unicodeKeyboard: true}, deviceApiLevel: 34, deviceManufacturer: samsung, deviceModel: SM-A236E, deviceName: RRCTB04RC3Z, deviceScreenDensity: 450, deviceScreenSize: 1080x2408, deviceUDID: RRCTB04RC3Z, javascriptEnabled: true, locationContextEnabled: false, networkConnectionEnabled: true, noReset: true, pixelRatio: 2.8125, platform: LINUX, platformName: Android, platformVersion: 14, statBarHeight: 70, takesScreenshot: true, unicodeKeyboard: true, viewportRect: {height: 2338, left: 0, top: 70, width: 1080}, warnings: {}, webStorageEnabled: false}
Session ID: 1d776da8-bdea-44f9-8b45-a98af7e54eb7
*** Element info: {Using=xpath, value=//androidx.compose.ui.platform.ComposeView/android.view.View/android.view.View[2]}
	at sun.reflect.NativeConstructorAccessorImpl.newInstance0(Native Method)
	at sun.reflect.NativeConstructorAccessorImpl.newInstance(NativeConstructorAccessorImpl.java:62)
	at sun.reflect.DelegatingConstructorAccessorImpl.newInstance(DelegatingConstructorAccessorImpl.java:45)
	at java.lang.reflect.Constructor.newInstance(Constructor.java:423)
	at org.openqa.selenium.remote.http.W3CHttpResponseCodec.createException(W3CHttpResponseCodec.java:187)
	at org.openqa.selenium.remote.http.W3CHttpResponseCodec.decode(W3CHttpResponseCodec.java:122)
	at org.openqa.selenium.remote.http.W3CHttpResponseCodec.decode(W3CHttpResponseCodec.java:49)
	at org.openqa.selenium.remote.HttpCommandExecutor.execute(HttpCommandExecutor.java:158)
	at io.appium.java_client.remote.AppiumCommandExecutor.execute(AppiumCommandExecutor.java:250)
	at org.openqa.selenium.remote.RemoteWebDriver.execute(RemoteWebDriver.java:552)
	at io.appium.java_client.DefaultGenericMobileDriver.execute(DefaultGenericMobileDriver.java:41)
	at io.appium.java_client.AppiumDriver.execute(AppiumDriver.java:1)
	at io.appium.java_client.android.AndroidDriver.execute(AndroidDriver.java:1)
	at org.openqa.selenium.remote.RemoteWebDriver.findElements(RemoteWebDriver.java:353)
	at io.appium.java_client.DefaultGenericMobileDriver.findElements(DefaultGenericMobileDriver.java:53)
	at io.appium.java_client.AppiumDriver.findElements(AppiumDriver.java:179)
	at org.openqa.selenium.remote.RemoteWebDriver.findElementsByXPath(RemoteWebDriver.java:432)
	at io.appium.java_client.DefaultGenericMobileDriver.findElementsByXPath(DefaultGenericMobileDriver.java:155)
	at io.appium.java_client.AppiumDriver.findElementsByXPath(AppiumDriver.java:212)
	at org.openqa.selenium.By$ByXPath.findElements(By.java:348)
	at org.openqa.selenium.remote.RemoteWebDriver.findElements(RemoteWebDriver.java:311)
	at io.appium.java_client.DefaultGenericMobileDriver.findElements(DefaultGenericMobileDriver.java:49)
	at io.appium.java_client.AppiumDriver.findElements(AppiumDriver.java:174)
	at utils.AndroidUtils.Assert(AndroidUtils.java:61)
	at pages.SIgninpage.userOnLoginDashboard(SIgninpage.java:30)
	at steps.Signin_stepDef.userOnLoginDashboard(Signin_stepDef.java:24)
	at sun.reflect.NativeMethodAccessorImpl.invoke0(Native Method)
	at sun.reflect.NativeMethodAccessorImpl.invoke(NativeMethodAccessorImpl.java:62)
	at sun.reflect.DelegatingMethodAccessorImpl.invoke(DelegatingMethodAccessorImpl.java:43)
	at java.lang.reflect.Method.invoke(Method.java:498)
	at cucumber.runtime.Utils$1.call(Utils.java:40)
	at cucumber.runtime.Timeout.timeout(Timeout.java:16)
	at cucumber.runtime.Utils.invoke(Utils.java:34)
	at cucumber.runtime.java.JavaStepDefinition.execute(JavaStepDefinition.java:38)
	at cucumber.runtime.StepDefinitionMatch.runStep(StepDefinitionMatch.java:37)
	at cucumber.runtime.Runtime.runStep(Runtime.java:300)
	at cucumber.runtime.model.StepContainer.runStep(StepContainer.java:44)
	at cucumber.runtime.model.StepContainer.runSteps(StepContainer.java:39)
	at cucumber.runtime.model.CucumberScenario.run(CucumberScenario.java:44)
	at cucumber.runtime.model.CucumberFeature.run(CucumberFeature.java:165)
	at cucumber.api.testng.TestNGCucumberRunner.runCucumber(TestNGCucumberRunner.java:63)
	at runners.TestNGRunner.feature(TestNGRunner.java:48)
	at sun.reflect.NativeMethodAccessorImpl.invoke0(Native Method)
	at sun.reflect.NativeMethodAccessorImpl.invoke(NativeMethodAccessorImpl.java:62)
	at sun.reflect.DelegatingMethodAccessorImpl.invoke(DelegatingMethodAccessorImpl.java:43)
	at java.lang.reflect.Method.invoke(Method.java:498)
	at org.testng.internal.MethodInvocationHelper.invokeMethod(MethodInvocationHelper.java:133)
	at org.testng.internal.TestInvoker.invokeMethod(TestInvoker.java:584)
	at org.testng.internal.TestInvoker.invokeTestMethod(TestInvoker.java:172)
	at org.testng.internal.MethodRunner.runInSequence(MethodRunner.java:46)
	at org.testng.internal.TestInvoker$MethodInvocationAgent.invoke(TestInvoker.java:804)
	at org.testng.internal.TestInvoker.invokeTestMethods(TestInvoker.java:145)
	at org.testng.internal.TestMethodWorker.invokeTestMethods(TestMethodWorker.java:146)
	at org.testng.internal.TestMethodWorker.run(TestMethodWorker.java:128)
	at java.util.ArrayList.forEach(ArrayList.java:1259)
	at org.testng.TestRunner.privateRun(TestRunner.java:770)
	at org.testng.TestRunner.run(TestRunner.java:591)
	at org.testng.SuiteRunner.runTest(SuiteRunner.java:402)
	at org.testng.SuiteRunner.access$000(SuiteRunner.java:41)
	at org.testng.SuiteRunner$SuiteWorker.run(SuiteRunner.java:443)
	at org.testng.internal.thread.ThreadUtil.lambda$execute$0(ThreadUtil.java:67)
	at java.util.concurrent.FutureTask.run(FutureTask.java:266)
	at java.util.concurrent.ThreadPoolExecutor.runWorker(ThreadPoolExecutor.java:1149)
	at java.util.concurrent.ThreadPoolExecutor$Worker.run(ThreadPoolExecutor.java:624)
	at java.lang.Thread.run(Thread.java:750)
org.openqa.selenium.WebDriverException: An unknown server-side error occurred while processing the command. Original error: 'POST /elements' cannot be proxied to UiAutomator2 server because the instrumentation process is not running (probably crashed). Check the server log and/or the logcat output for more details
Build info: version: '3.141.59', revision: 'e82be7d358', time: '2018-11-14T08:17:03'
System info: host: 'Aleph-0LVDCs-MacBook-Pro.local', ip: '2001:448a:20a0:642e:88af:b7f6:f9b0:5952%en0', os.name: 'Mac OS X', os.arch: 'x86_64', os.version: '13.6.3', java.version: '1.8.0_402'
Driver info: io.appium.java_client.android.AndroidDriver
Capabilities {appActivity: com.prodia.mobileandroid.ui..., appPackage: com.prodiadigital.patient, automationName: UIAutomator2, databaseEnabled: false, desired: {appActivity: com.prodia.mobileandroid.ui..., appPackage: com.prodiadigital.patient, automationName: UIAutomator2, deviceName: RRCTB04RC3Z, noReset: true, platformName: android, unicodeKeyboard: true}, deviceApiLevel: 34, deviceManufacturer: samsung, deviceModel: SM-A236E, deviceName: RRCTB04RC3Z, deviceScreenDensity: 450, deviceScreenSize: 1080x2408, deviceUDID: RRCTB04RC3Z, javascriptEnabled: true, locationContextEnabled: false, networkConnectionEnabled: true, noReset: true, pixelRatio: 2.8125, platform: LINUX, platformName: Android, platformVersion: 14, statBarHeight: 70, takesScreenshot: true, unicodeKeyboard: true, viewportRect: {height: 2338, left: 0, top: 70, width: 1080}, warnings: {}, webStorageEnabled: false}
Session ID: 1d776da8-bdea-44f9-8b45-a98af7e54eb7
*** Element info: {Using=xpath, value=//androidx.compose.ui.platform.ComposeView/android.view.View/android.view.View[2]}
	at sun.reflect.NativeConstructorAccessorImpl.newInstance0(Native Method)
	at sun.reflect.NativeConstructorAccessorImpl.newInstance(NativeConstructorAccessorImpl.java:62)
	at sun.reflect.DelegatingConstructorAccessorImpl.newInstance(DelegatingConstructorAccessorImpl.java:45)
	at java.lang.reflect.Constructor.newInstance(Constructor.java:423)
	at org.openqa.selenium.remote.http.W3CHttpResponseCodec.createException(W3CHttpResponseCodec.java:187)
	at org.openqa.selenium.remote.http.W3CHttpResponseCodec.decode(W3CHttpResponseCodec.java:122)
	at org.openqa.selenium.remote.http.W3CHttpResponseCodec.decode(W3CHttpResponseCodec.java:49)
	at org.openqa.selenium.remote.HttpCommandExecutor.execute(HttpCommandExecutor.java:158)
	at io.appium.java_client.remote.AppiumCommandExecutor.execute(AppiumCommandExecutor.java:250)
	at org.openqa.selenium.remote.RemoteWebDriver.execute(RemoteWebDriver.java:552)
	at io.appium.java_client.DefaultGenericMobileDriver.execute(DefaultGenericMobileDriver.java:41)
	at io.appium.java_client.AppiumDriver.execute(AppiumDriver.java:1)
	at io.appium.java_client.android.AndroidDriver.execute(AndroidDriver.java:1)
	at org.openqa.selenium.remote.RemoteWebDriver.findElements(RemoteWebDriver.java:353)
	at io.appium.java_client.DefaultGenericMobileDriver.findElements(DefaultGenericMobileDriver.java:53)
	at io.appium.java_client.AppiumDriver.findElements(AppiumDriver.java:179)
	at org.openqa.selenium.remote.RemoteWebDriver.findElementsByXPath(RemoteWebDriver.java:432)
	at io.appium.java_client.DefaultGenericMobileDriver.findElementsByXPath(DefaultGenericMobileDriver.java:155)
	at io.appium.java_client.AppiumDriver.findElementsByXPath(AppiumDriver.java:212)
	at org.openqa.selenium.By$ByXPath.findElements(By.java:348)
	at org.openqa.selenium.remote.RemoteWebDriver.findElements(RemoteWebDriver.java:311)
	at io.appium.java_client.DefaultGenericMobileDriver.findElements(DefaultGenericMobileDriver.java:49)
	at io.appium.java_client.AppiumDriver.findElements(AppiumDriver.java:174)
	at utils.AndroidUtils.Assert(AndroidUtils.java:61)
	at pages.SIgninpage.userOnLoginDashboard(SIgninpage.java:30)
	at steps.Signin_stepDef.userOnLoginDashboard(Signin_stepDef.java:24)
	at sun.reflect.NativeMethodAccessorImpl.invoke0(Native Method)
	at sun.reflect.NativeMethodAccessorImpl.invoke(NativeMethodAccessorImpl.java:62)
	at sun.reflect.DelegatingMethodAccessorImpl.invoke(DelegatingMethodAccessorImpl.java:43)
	at java.lang.reflect.Method.invoke(Method.java:498)
	at cucumber.runtime.Utils$1.call(Utils.java:40)
	at cucumber.runtime.Timeout.timeout(Timeout.java:16)
	at cucumber.runtime.Utils.invoke(Utils.java:34)
	at cucumber.runtime.java.JavaStepDefinition.execute(JavaStepDefinition.java:38)
	at cucumber.runtime.StepDefinitionMatch.runStep(StepDefinitionMatch.java:37)
	at cucumber.runtime.Runtime.runStep(Runtime.java:300)
	at cucumber.runtime.model.StepContainer.runStep(StepContainer.java:44)
	at cucumber.runtime.model.StepContainer.runSteps(StepContainer.java:39)
	at cucumber.runtime.model.CucumberScenario.run(CucumberScenario.java:44)
	at cucumber.runtime.model.CucumberFeature.run(CucumberFeature.java:165)
	at cucumber.api.testng.TestNGCucumberRunner.runCucumber(TestNGCucumberRunner.java:63)
	at runners.TestNGRunner.feature(TestNGRunner.java:48)
	at sun.reflect.NativeMethodAccessorImpl.invoke0(Native Method)
	at sun.reflect.NativeMethodAccessorImpl.invoke(NativeMethodAccessorImpl.java:62)
	at sun.reflect.DelegatingMethodAccessorImpl.invoke(DelegatingMethodAccessorImpl.java:43)
	at java.lang.reflect.Method.invoke(Method.java:498)
	at org.testng.internal.MethodInvocationHelper.invokeMethod(MethodInvocationHelper.java:133)
	at org.testng.internal.TestInvoker.invokeMethod(TestInvoker.java:584)
	at org.testng.internal.TestInvoker.invokeTestMethod(TestInvoker.java:172)
	at org.testng.internal.MethodRunner.runInSequence(MethodRunner.java:46)
	at org.testng.internal.TestInvoker$MethodInvocationAgent.invoke(TestInvoker.java:804)
	at org.testng.internal.TestInvoker.invokeTestMethods(TestInvoker.java:145)
	at org.testng.internal.TestMethodWorker.invokeTestMethods(TestMethodWorker.java:146)
	at org.testng.internal.TestMethodWorker.run(TestMethodWorker.java:128)
	at java.util.ArrayList.forEach(ArrayList.java:1259)
	at org.testng.TestRunner.privateRun(TestRunner.java:770)
	at org.testng.TestRunner.run(TestRunner.java:591)
	at org.testng.SuiteRunner.runTest(SuiteRunner.java:402)
	at org.testng.SuiteRunner.access$000(SuiteRunner.java:41)
	at org.testng.SuiteRunner$SuiteWorker.run(SuiteRunner.java:443)
	at org.testng.internal.thread.ThreadUtil.lambda$execute$0(ThreadUtil.java:67)
	at java.util.concurrent.FutureTask.run(FutureTask.java:266)
	at java.util.concurrent.ThreadPoolExecutor.runWorker(ThreadPoolExecutor.java:1149)
	at java.util.concurrent.ThreadPoolExecutor$Worker.run(ThreadPoolExecutor.java:624)
	at java.lang.Thread.run(Thread.java:750)
org.openqa.selenium.WebDriverException: An unknown server-side error occurred while processing the command. Original error: 'POST /elements' cannot be proxied to UiAutomator2 server because the instrumentation process is not running (probably crashed). Check the server log and/or the logcat output for more details
Build info: version: '3.141.59', revision: 'e82be7d358', time: '2018-11-14T08:17:03'
System info: host: 'Aleph-0LVDCs-MacBook-Pro.local', ip: '2001:448a:20a0:642e:88af:b7f6:f9b0:5952%en0', os.name: 'Mac OS X', os.arch: 'x86_64', os.version: '13.6.3', java.version: '1.8.0_402'
Driver info: io.appium.java_client.android.AndroidDriver
Capabilities {appActivity: com.prodia.mobileandroid.ui..., appPackage: com.prodiadigital.patient, automationName: UIAutomator2, databaseEnabled: false, desired: {appActivity: com.prodia.mobileandroid.ui..., appPackage: com.prodiadigital.patient, automationName: UIAutomator2, deviceName: RRCTB04RC3Z, noReset: true, platformName: android, unicodeKeyboard: true}, deviceApiLevel: 34, deviceManufacturer: samsung, deviceModel: SM-A236E, deviceName: RRCTB04RC3Z, deviceScreenDensity: 450, deviceScreenSize: 1080x2408, deviceUDID: RRCTB04RC3Z, javascriptEnabled: true, locationContextEnabled: false, networkConnectionEnabled: true, noReset: true, pixelRatio: 2.8125, platform: LINUX, platformName: Android, platformVersion: 14, statBarHeight: 70, takesScreenshot: true, unicodeKeyboard: true, viewportRect: {height: 2338, left: 0, top: 70, width: 1080}, warnings: {}, webStorageEnabled: false}
Session ID: 1d776da8-bdea-44f9-8b45-a98af7e54eb7
*** Element info: {Using=xpath, value=//androidx.compose.ui.platform.ComposeView/android.view.View/android.view.View[2]}
	at sun.reflect.NativeConstructorAccessorImpl.newInstance0(Native Method)
	at sun.reflect.NativeConstructorAccessorImpl.newInstance(NativeConstructorAccessorImpl.java:62)
	at sun.reflect.DelegatingConstructorAccessorImpl.newInstance(DelegatingConstructorAccessorImpl.java:45)
	at java.lang.reflect.Constructor.newInstance(Constructor.java:423)
	at org.openqa.selenium.remote.http.W3CHttpResponseCodec.createException(W3CHttpResponseCodec.java:187)
	at org.openqa.selenium.remote.http.W3CHttpResponseCodec.decode(W3CHttpResponseCodec.java:122)
	at org.openqa.selenium.remote.http.W3CHttpResponseCodec.decode(W3CHttpResponseCodec.java:49)
	at org.openqa.selenium.remote.HttpCommandExecutor.execute(HttpCommandExecutor.java:158)
	at io.appium.java_client.remote.AppiumCommandExecutor.execute(AppiumCommandExecutor.java:250)
	at org.openqa.selenium.remote.RemoteWebDriver.execute(RemoteWebDriver.java:552)
	at io.appium.java_client.DefaultGenericMobileDriver.execute(DefaultGenericMobileDriver.java:41)
	at io.appium.java_client.AppiumDriver.execute(AppiumDriver.java:1)
	at io.appium.java_client.android.AndroidDriver.execute(AndroidDriver.java:1)
	at org.openqa.selenium.remote.RemoteWebDriver.findElements(RemoteWebDriver.java:353)
	at io.appium.java_client.DefaultGenericMobileDriver.findElements(DefaultGenericMobileDriver.java:53)
	at io.appium.java_client.AppiumDriver.findElements(AppiumDriver.java:179)
	at org.openqa.selenium.remote.RemoteWebDriver.findElementsByXPath(RemoteWebDriver.java:432)
	at io.appium.java_client.DefaultGenericMobileDriver.findElementsByXPath(DefaultGenericMobileDriver.java:155)
	at io.appium.java_client.AppiumDriver.findElementsByXPath(AppiumDriver.java:212)
	at org.openqa.selenium.By$ByXPath.findElements(By.java:348)
	at org.openqa.selenium.remote.RemoteWebDriver.findElements(RemoteWebDriver.java:311)
	at io.appium.java_client.DefaultGenericMobileDriver.findElements(DefaultGenericMobileDriver.java:49)
	at io.appium.java_client.AppiumDriver.findElements(AppiumDriver.java:174)
	at utils.AndroidUtils.Assert(AndroidUtils.java:61)
	at pages.SIgninpage.userOnLoginDashboard(SIgninpage.java:30)
	at steps.Signin_stepDef.userOnLoginDashboard(Signin_stepDef.java:24)
	at sun.reflect.NativeMethodAccessorImpl.invoke0(Native Method)
	at sun.reflect.NativeMethodAccessorImpl.invoke(NativeMethodAccessorImpl.java:62)
	at sun.reflect.DelegatingMethodAccessorImpl.invoke(DelegatingMethodAccessorImpl.java:43)
	at java.lang.reflect.Method.invoke(Method.java:498)
	at cucumber.runtime.Utils$1.call(Utils.java:40)
	at cucumber.runtime.Timeout.timeout(Timeout.java:16)
	at cucumber.runtime.Utils.invoke(Utils.java:34)
	at cucumber.runtime.java.JavaStepDefinition.execute(JavaStepDefinition.java:38)
	at cucumber.runtime.StepDefinitionMatch.runStep(StepDefinitionMatch.java:37)
	at cucumber.runtime.Runtime.runStep(Runtime.java:300)
	at cucumber.runtime.model.StepContainer.runStep(StepContainer.java:44)
	at cucumber.runtime.model.StepContainer.runSteps(StepContainer.java:39)
	at cucumber.runtime.model.CucumberScenario.run(CucumberScenario.java:44)
	at cucumber.runtime.model.CucumberFeature.run(CucumberFeature.java:165)
	at cucumber.api.testng.TestNGCucumberRunner.runCucumber(TestNGCucumberRunner.java:63)
	at runners.TestNGRunner.feature(TestNGRunner.java:48)
	at sun.reflect.NativeMethodAccessorImpl.invoke0(Native Method)
	at sun.reflect.NativeMethodAccessorImpl.invoke(NativeMethodAccessorImpl.java:62)
	at sun.reflect.DelegatingMethodAccessorImpl.invoke(DelegatingMethodAccessorImpl.java:43)
	at java.lang.reflect.Method.invoke(Method.java:498)
	at org.testng.internal.MethodInvocationHelper.invokeMethod(MethodInvocationHelper.java:133)
	at org.testng.internal.TestInvoker.invokeMethod(TestInvoker.java:584)
	at org.testng.internal.TestInvoker.invokeTestMethod(TestInvoker.java:172)
	at org.testng.internal.MethodRunner.runInSequence(MethodRunner.java:46)
	at org.testng.internal.TestInvoker$MethodInvocationAgent.invoke(TestInvoker.java:804)
	at org.testng.internal.TestInvoker.invokeTestMethods(TestInvoker.java:145)
	at org.testng.internal.TestMethodWorker.invokeTestMethods(TestMethodWorker.java:146)
	at org.testng.internal.TestMethodWorker.run(TestMethodWorker.java:128)
	at java.util.ArrayList.forEach(ArrayList.java:1259)
	at org.testng.TestRunner.privateRun(TestRunner.java:770)
	at org.testng.TestRunner.run(TestRunner.java:591)
	at org.testng.SuiteRunner.runTest(SuiteRunner.java:402)
	at org.testng.SuiteRunner.access$000(SuiteRunner.java:41)
	at org.testng.SuiteRunner$SuiteWorker.run(SuiteRunner.java:443)
	at org.testng.internal.thread.ThreadUtil.lambda$execute$0(ThreadUtil.java:67)
	at java.util.concurrent.FutureTask.run(FutureTask.java:266)
	at java.util.concurrent.ThreadPoolExecutor.runWorker(ThreadPoolExecutor.java:1149)
	at java.util.concurrent.ThreadPoolExecutor$Worker.run(ThreadPoolExecutor.java:624)
	at java.lang.Thread.run(Thread.java:750)
]]></system-err>
  </testcase>
</testsuite>